<?xml version="1.0" encoding="UTF-8"?>
<testsuite name="com.inspien.asset_manager.AssetManagerApplicationTests" tests="1" skipped="0" failures="0" errors="0" timestamp="2025-04-12T10:19:01.897Z" hostname="ijun-ui-MacBookAir.local" time="0.293">
  <properties/>
  <testcase name="contextLoads()" classname="com.inspien.asset_manager.AssetManagerApplicationTests" time="0.293"/>
  <system-out><![CDATA[19:19:00.127 [Test worker] INFO org.springframework.test.context.support.AnnotationConfigContextLoaderUtils -- Could not detect default configuration classes for test class [com.inspien.asset_manager.AssetManagerApplicationTests]: AssetManagerApplicationTests does not declare any static, non-private, non-final, nested classes annotated with @Configuration.
19:19:00.175 [Test worker] INFO org.springframework.boot.test.context.SpringBootTestContextBootstrapper -- Found @SpringBootConfiguration com.inspien.asset_manager.AssetManagerApplication for test class com.inspien.asset_manager.AssetManagerApplicationTests

  .   ____          _            __ _ _
 /\\ / ___'_ __ _ _(_)_ __  __ _ \ \ \ \
( ( )\___ | '_ | '_| | '_ \/ _` | \ \ \ \
 \\/  ___)| |_)| | | | | || (_| |  ) ) ) )
  '  |____| .__|_| |_|_| |_\__, | / / / /
 =========|_|==============|___/=/_/_/_/

 :: Spring Boot ::                (v3.4.4)

2025-04-12T19:19:00.330+09:00  INFO 27395 --- [asset-manager] [    Test worker] c.i.a.AssetManagerApplicationTests       : Starting AssetManagerApplicationTests using Java 21.0.6 with PID 27395 (started by jun in /Users/jun/asset-manager)
2025-04-12T19:19:00.331+09:00  INFO 27395 --- [asset-manager] [    Test worker] c.i.a.AssetManagerApplicationTests       : No active profile set, falling back to 1 default profile: "default"
2025-04-12T19:19:00.593+09:00  INFO 27395 --- [asset-manager] [    Test worker] .s.d.r.c.RepositoryConfigurationDelegate : Bootstrapping Spring Data JPA repositories in DEFAULT mode.
2025-04-12T19:19:00.617+09:00  INFO 27395 --- [asset-manager] [    Test worker] .s.d.r.c.RepositoryConfigurationDelegate : Finished Spring Data repository scanning in 20 ms. Found 2 JPA repository interfaces.
2025-04-12T19:19:00.779+09:00  INFO 27395 --- [asset-manager] [    Test worker] o.hibernate.jpa.internal.util.LogHelper  : HHH000204: Processing PersistenceUnitInfo [name: default]
2025-04-12T19:19:00.808+09:00  INFO 27395 --- [asset-manager] [    Test worker] org.hibernate.Version                    : HHH000412: Hibernate ORM core version 6.6.11.Final
2025-04-12T19:19:00.822+09:00  INFO 27395 --- [asset-manager] [    Test worker] o.h.c.internal.RegionFactoryInitiator    : HHH000026: Second-level cache disabled
2025-04-12T19:19:00.945+09:00  INFO 27395 --- [asset-manager] [    Test worker] o.s.o.j.p.SpringPersistenceUnitInfo      : No LoadTimeWeaver setup: ignoring JPA class transformer
2025-04-12T19:19:00.958+09:00  INFO 27395 --- [asset-manager] [    Test worker] com.zaxxer.hikari.HikariDataSource       : HikariPool-1 - Starting...
2025-04-12T19:19:01.146+09:00  INFO 27395 --- [asset-manager] [    Test worker] com.zaxxer.hikari.pool.HikariPool        : HikariPool-1 - Added connection com.mysql.cj.jdbc.ConnectionImpl@2fa879ed
2025-04-12T19:19:01.147+09:00  INFO 27395 --- [asset-manager] [    Test worker] com.zaxxer.hikari.HikariDataSource       : HikariPool-1 - Start completed.
2025-04-12T19:19:01.169+09:00  WARN 27395 --- [asset-manager] [    Test worker] org.hibernate.orm.deprecation            : HHH90000025: MySQL8Dialect does not need to be specified explicitly using 'hibernate.dialect' (remove the property setting and it will be selected by default)
2025-04-12T19:19:01.169+09:00  WARN 27395 --- [asset-manager] [    Test worker] org.hibernate.orm.deprecation            : HHH90000026: MySQL8Dialect has been deprecated; use org.hibernate.dialect.MySQLDialect instead
2025-04-12T19:19:01.176+09:00  INFO 27395 --- [asset-manager] [    Test worker] org.hibernate.orm.connections.pooling    : HHH10001005: Database info:
	Database JDBC URL [Connecting through datasource 'HikariDataSource (HikariPool-1)']
	Database driver: undefined/unknown
	Database version: 8.0
	Autocommit mode: undefined/unknown
	Isolation level: undefined/unknown
	Minimum pool size: undefined/unknown
	Maximum pool size: undefined/unknown
2025-04-12T19:19:01.531+09:00  INFO 27395 --- [asset-manager] [    Test worker] o.h.e.t.j.p.i.JtaPlatformInitiator       : HHH000489: No JTA platform available (set 'hibernate.transaction.jta.platform' to enable JTA platform integration)
2025-04-12T19:19:01.568+09:00  INFO 27395 --- [asset-manager] [    Test worker] j.LocalContainerEntityManagerFactoryBean : Initialized JPA EntityManagerFactory for persistence unit 'default'
2025-04-12T19:19:01.749+09:00  WARN 27395 --- [asset-manager] [    Test worker] JpaBaseConfiguration$JpaWebConfiguration : spring.jpa.open-in-view is enabled by default. Therefore, database queries may be performed during view rendering. Explicitly configure spring.jpa.open-in-view to disable this warning
2025-04-12T19:19:01.891+09:00  INFO 27395 --- [asset-manager] [    Test worker] c.i.a.AssetManagerApplicationTests       : Started AssetManagerApplicationTests in 1.656 seconds (process running for 2.18)
]]></system-out>
  <system-err><![CDATA[Mockito is currently self-attaching to enable the inline-mock-maker. This will no longer work in future releases of the JDK. Please add Mockito as an agent to your build what is described in Mockito's documentation: https://javadoc.io/doc/org.mockito/mockito-core/latest/org/mockito/Mockito.html#0.3
WARNING: A Java agent has been loaded dynamically (/Users/jun/.gradle/caches/modules-2/files-2.1/net.bytebuddy/byte-buddy-agent/1.15.11/a38b16385e867f59a641330f0362ebe742788ed8/byte-buddy-agent-1.15.11.jar)
WARNING: If a serviceability tool is in use, please run with -XX:+EnableDynamicAgentLoading to hide this warning
WARNING: If a serviceability tool is not in use, please run with -Djdk.instrument.traceUsage for more information
WARNING: Dynamic loading of agents will be disallowed by default in a future release
]]></system-err>
</testsuite>
